android/app/build/outputs/mapping/release/seeds.txt
com.example.student_system_app_v2.MainActivity
com.example.student_system_app_v2.MainActivity: MainActivity()
...
com.google.android.gms.internal.firebase-auth-api.zzzk: zzzk(byte[],byte[])
com.google.android.gms.internal.firebase-auth-api.zzama: com.google.android.gms.internal.firebase-auth-api.zzaln zza()
com.google.android.recaptcha.internal.zzlo: void zzh(int)
com.google.android.gms.internal.mlkit_vision_barcode.zzcs: boolean contains(java.lang.Object)
com.google.android.gms.internal.firebase-auth-api.zzoq: java.lang.Class zzb()
com.google.android.gms.internal.mlkit_vision_barcode.zzbr: int zzg(com.google.android.gms.internal.mlkit_vision_barcode.zzbr)
com.google.android.gms.internal.measurement.zzkq: boolean equals(java.lang.Object)
com.google.android.gms.internal.firebase-auth-api.zzaj: com.google.android.gms.internal.firebase-auth-api.zzba zzd()
com.google.android.gms.internal.mlkit_vision_barcode_bundled.zzcb: zzcb()
com.google.android.gms.internal.firebase-auth-api.zzaeg: void zzb()
com.google.android.gms.internal.measurement.zzhc: java.lang.String zzk()
com.google.android.recaptcha.internal.zzne: void zzh(int)
com.google.android.gms.internal.measurement.zzax: void zzb(com.google.android.gms.internal.measurement.zzaw)
com.google.android.gms.internal.firebase-auth-api.zzaja: byte zza(int)
com.google.android.gms.internal.firebase-auth-api.zzjn: com.google.android.gms.internal.firebase-auth-api.zzbo zza(com.google.android.gms.internal.firebase-auth-api.zzcg,java.lang.Integer)
com.google.android.gms.internal.firebase-auth-api.zzana$zza: void zza(java.lang.Object,long,byte)
com.google.android.gms.internal.measurement.zzcs: java.lang.Long zzc(long)
com.google.android.gms.internal.mlkit_vision_barcode_bundled.zzgm: int size()
com.google.android.gms.internal.measurement.zzgb: int zzb()
com.google.android.play.core.integrity.aa: com.google.android.gms.tasks.Task requestIntegrityToken(com.google.android.play.core.integrity.IntegrityTokenRequest)
com.google.android.gms.internal.fido.zzcz: boolean equals(java.lang.Object)
com.google.android.gms.internal.firebase-auth-api.zzalt: void zza(java.lang.Object,java.lang.Object)
com.google.android.gms.internal.mlkit_vision_barcode.zzxw: void writeToParcel(android.os.Parcel,int)
com.google.android.gms.internal.measurement.zzol: void zzn(byte[],long,byte)
com.google.android.gms.internal.firebase-auth-api.zzrs: com.google.android.gms.internal.firebase-auth-api.zzql zza(com.google.android.gms.internal.firebase-auth-api.zzpn,com.google.android.gms.internal.firebase-auth-api.zzcm)
com.google.android.gms.internal.mlkit_vision_barcode.zzbo: boolean remove(java.lang.Object)
com.google.android.gms.internal.auth.zzdq: void zzb()
com.google.android.gms.internal.measurement.zzhq: boolean zzy()
com.google.android.gms.internal.fido.zzdu: long zzb()
io.flutter.plugin.editing.ImeSyncDeferringInsetsCallback: android.view.View access$400(io.flutter.plugin.editing.ImeSyncDeferringInsetsCallback)
com.google.android.gms.internal.measurement.zzol: java.lang.Object zzf(java.lang.Object,long)
com.google.android.recaptcha.internal.zzja: java.lang.Object zzu(com.google.android.recaptcha.internal.zzja,java.lang.String,kotlin.coroutines.Continuation)
com.google.android.gms.internal.mlkit_vision_common.zzfo: void encode(java.lang.Object,java.lang.Object)
com.google.android.gms.internal.firebase-auth-api.zzaln: com.google.android.gms.internal.firebase-auth-api.zzalm zzr()
com.google.android.gms.internal.measurement.zzll: zzll(com.google.android.gms.internal.measurement.zzlk)
com.google.android.gms.internal.firebase-auth-api.zzabq: com.google.android.gms.tasks.Task zza(com.google.firebase.FirebaseApp,com.google.firebase.auth.FirebaseUser,com.google.firebase.auth.EmailAuthCredential,java.lang.String,com.google.firebase.auth.internal.zzcc)
com.google.android.gms.internal.firebase-auth-api.zzep$zza: zzep$zza(java.lang.String)
com.google.android.gms.internal.firebase-auth-api.zzec: com.google.android.gms.internal.firebase-auth-api.zzed zza(com.google.android.gms.internal.firebase-auth-api.zzeg,java.lang.Integer)